<?xml version="1.0" encoding="UTF-8"?>
<!-- Generated by org.testng.reporters.JUnitReportReporter -->
<testsuite skipped="0" hostname="DESKTOP-268BFCT" name="org.exl.Testng" tests="1" failures="0" timestamp="06 Jul 2023 04:31:33 GMT" time="0.006" errors="0">
  <testcase name="tc04" time="0.006" classname="org.exl.Testng"/>
</testsuite> <!-- org.exl.Testng -->
