<?xml version="1.0" encoding="UTF-8"?>
<!-- Generated by org.testng.reporters.JUnitReportReporter -->
<testsuite skipped="0" hostname="DESKTOP-268BFCT" name="org.exl.Testng3" tests="2" failures="0" timestamp="06 Jul 2023 05:52:34 GMT" time="0.021" errors="0">
  <testcase name="tc02" time="0.001" classname="org.exl.Testng3"/>
  <testcase name="tc01" time="0.020" classname="org.exl.Testng3"/>
</testsuite> <!-- org.exl.Testng3 -->
