<?xml version="1.0" encoding="UTF-8"?>
<!-- Generated by org.testng.reporters.JUnitReportReporter -->
<testsuite skipped="1" hostname="DESKTOP-268BFCT" name="org.exl.Testing" tests="13" failures="0" timestamp="06 Jul 2023 04:13:49 GMT" time="0.040" errors="0">
  <testcase name="tc03" time="0.012" classname="org.exl.Testing"/>
  <testcase name="tc04" time="0.004" classname="org.exl.Testing"/>
  <testcase name="tc04" time="0.002" classname="org.exl.Testing"/>
  <testcase name="tc04" time="0.002" classname="org.exl.Testing"/>
  <testcase name="tc04" time="0.003" classname="org.exl.Testing"/>
  <testcase name="tc04" time="0.002" classname="org.exl.Testing"/>
  <testcase name="tc04" time="0.004" classname="org.exl.Testing"/>
  <testcase name="tc04" time="0.003" classname="org.exl.Testing"/>
  <testcase name="tc04" time="0.004" classname="org.exl.Testing"/>
  <testcase name="tc04" time="0.001" classname="org.exl.Testing"/>
  <testcase name="tc04" time="0.002" classname="org.exl.Testing"/>
  <testcase name="tco1" time="0.001" classname="org.exl.Testing"/>
  <testcase name="tc02" classname="org.exl.Testing">
    <skipped/>
  </testcase> <!-- tc02 -->
</testsuite> <!-- org.exl.Testing -->
